[debug] ----------------------------------------------------------------------
[debug] Command:      D:\Program Files\nodejs\node.exe C:\Users\tpeyrard\AppData\Roaming\npm\node_modules\firebase-tools\bin\firebase serve
[debug] CLI Version:  3.7.0
[debug] Platform:     win32
[debug] Node Version: v6.10.3
[debug] Time:         Fri May 12 2017 15:11:04 GMT+0200 (Paris, Madrid (heure d’été))
[debug] ----------------------------------------------------------------------
[debug] 
[debug] > command requires scopes: ["email","openid","https://www.googleapis.com/auth/cloudplatformprojects.readonly","https://www.googleapis.com/auth/firebase","https://www.googleapis.com/auth/cloud-platform"]
[debug] > refreshing access token with scopes: ["email","https://www.googleapis.com/auth/cloud-platform","https://www.googleapis.com/auth/cloudplatformprojects.readonly","https://www.googleapis.com/auth/firebase","openid"]
[debug] >>> HTTP REQUEST POST https://www.googleapis.com/oauth2/v3/token { refresh_token: '1/KPj7p4j0YvSrv2TF3kJ9aYBevOPFWCLOARrWYC2CGmI',
  client_id: '563584335869-fgrhgmd47bqnekij5i8b5pr03ho849e6.apps.googleusercontent.com',
  client_secret: 'j9iVZfS8kkCEFUPaAeJV0sAi',
  grant_type: 'refresh_token',
  scope: 'email https://www.googleapis.com/auth/cloud-platform https://www.googleapis.com/auth/cloudplatformprojects.readonly https://www.googleapis.com/auth/firebase openid' } 
 Fri May 12 2017 15:11:04 GMT+0200 (Paris, Madrid (heure d’été))
[debug] <<< HTTP RESPONSE 200
[debug] >>> HTTP REQUEST GET https://admin.firebase.com/v1/projects/remote-pocker-planning  
 Fri May 12 2017 15:11:05 GMT+0200 (Paris, Madrid (heure d’été))
[debug] <<< HTTP RESPONSE 200
[debug] >>> HTTP REQUEST GET https://admin.firebase.com/v1/database/remote-pocker-planning/tokens  
 Fri May 12 2017 15:11:06 GMT+0200 (Paris, Madrid (heure d’été))
[debug] <<< HTTP RESPONSE 200
[info] Starting Firebase development server...
[info] 
[info] Project Directory: D:\Thomas\remote-pocker-planning
[debug] >>> HTTP REQUEST GET https://cloudresourcemanager.googleapis.com/v1/projects/remote-pocker-planning  
 Fri May 12 2017 15:11:06 GMT+0200 (Paris, Madrid (heure d’été))
[debug] <<< HTTP RESPONSE 200
[debug] >>> HTTP REQUEST GET https://mobilesdk-pa.googleapis.com/v1/projects/282360774172/clients/_:getWebAppConfig  
 Fri May 12 2017 15:11:07 GMT+0200 (Paris, Madrid (heure d’été))
[debug] <<< HTTP RESPONSE 200
[info] Public Directory: public
[info] 
[info] Server listening at: http://localhost:5000
